
  .   ____          _            __ _ _
 /\\ / ___'_ __ _ _(_)_ __  __ _ \ \ \ \
( ( )\___ | '_ | '_| | '_ \/ _` | \ \ \ \
 \\/  ___)| |_)| | | | | || (_| |  ) ) ) )
  '  |____| .__|_| |_|_| |_\__, | / / / /
 =========|_|==============|___/=/_/_/_/
 :: Spring Boot ::                (v3.0.2)

2023-09-23T00:48:46.021+02:00  INFO 31736 --- [           main] com.octopus.Application                  : Starting Application v0.1.9 using Java 17.0.5 with PID 31736 (/home/hozifa/RandomQuotes-Java/target/randomquotes.0.1.9.jar started by hozifa in /home/hozifa/RandomQuotes-Java)
2023-09-23T00:48:46.032+02:00  INFO 31736 --- [           main] com.octopus.Application                  : The following 1 profile is active: "Dev"
2023-09-23T00:48:48.354+02:00  INFO 31736 --- [           main] .s.d.r.c.RepositoryConfigurationDelegate : Bootstrapping Spring Data JPA repositories in DEFAULT mode.
2023-09-23T00:48:48.496+02:00  INFO 31736 --- [           main] .s.d.r.c.RepositoryConfigurationDelegate : Finished Spring Data repository scanning in 118 ms. Found 2 JPA repository interfaces.
2023-09-23T00:48:49.945+02:00  INFO 31736 --- [           main] o.s.b.w.embedded.tomcat.TomcatWebServer  : Tomcat initialized with port(s): 5555 (http)
2023-09-23T00:48:49.975+02:00  INFO 31736 --- [           main] o.apache.catalina.core.StandardService   : Starting service [Tomcat]
2023-09-23T00:48:49.976+02:00  INFO 31736 --- [           main] o.apache.catalina.core.StandardEngine    : Starting Servlet engine: [Apache Tomcat/10.1.5]
2023-09-23T00:48:50.169+02:00  INFO 31736 --- [           main] o.a.c.c.C.[Tomcat].[localhost].[/]       : Initializing Spring embedded WebApplicationContext
2023-09-23T00:48:50.174+02:00  INFO 31736 --- [           main] w.s.c.ServletWebServerApplicationContext : Root WebApplicationContext: initialization completed in 3953 ms
2023-09-23T00:48:50.577+02:00  INFO 31736 --- [           main] com.zaxxer.hikari.HikariDataSource       : HikariPool-1 - Starting...
2023-09-23T00:48:51.190+02:00  INFO 31736 --- [           main] com.zaxxer.hikari.pool.HikariPool        : HikariPool-1 - Added connection conn0: url=jdbc:h2:mem:testdb user=SA
2023-09-23T00:48:51.194+02:00  INFO 31736 --- [           main] com.zaxxer.hikari.HikariDataSource       : HikariPool-1 - Start completed.
2023-09-23T00:48:51.225+02:00  INFO 31736 --- [           main] o.s.b.a.h2.H2ConsoleAutoConfiguration    : H2 console available at '/h2-console'. Database available at 'jdbc:h2:mem:testdb'
2023-09-23T00:48:51.760+02:00  INFO 31736 --- [           main] o.f.c.internal.license.VersionPrinter    : Flyway Community Edition 9.5.1 by Redgate
2023-09-23T00:48:51.760+02:00  INFO 31736 --- [           main] o.f.c.internal.license.VersionPrinter    : See what's new here: https://flywaydb.org/documentation/learnmore/releaseNotes#9.5.1
2023-09-23T00:48:51.760+02:00  INFO 31736 --- [           main] o.f.c.internal.license.VersionPrinter    : 
2023-09-23T00:48:51.796+02:00  INFO 31736 --- [           main] o.f.c.i.database.base.BaseDatabaseType   : Database: jdbc:h2:mem:testdb (H2 2.1)
2023-09-23T00:48:52.008+02:00  INFO 31736 --- [           main] o.f.core.internal.command.DbValidate     : Successfully validated 3 migrations (execution time 00:00.031s)
2023-09-23T00:48:52.021+02:00  INFO 31736 --- [           main] o.f.c.i.s.JdbcTableSchemaHistory         : Creating Schema History table "PUBLIC"."flyway_schema_history" ...
2023-09-23T00:48:52.104+02:00  INFO 31736 --- [           main] o.f.core.internal.command.DbMigrate      : Current version of schema "PUBLIC": << Empty Schema >>
2023-09-23T00:48:52.124+02:00  INFO 31736 --- [           main] o.f.core.internal.command.DbMigrate      : Migrating schema "PUBLIC" to version "1 - Data Setup"
2023-09-23T00:48:52.205+02:00  INFO 31736 --- [           main] o.f.core.internal.command.DbMigrate      : Migrating schema "PUBLIC" to version "2 - Data Insert"
2023-09-23T00:48:52.266+02:00  INFO 31736 --- [           main] o.f.core.internal.command.DbMigrate      : Migrating schema "PUBLIC" to version "3 - Split Name"
2023-09-23T00:48:52.320+02:00  INFO 31736 --- [           main] o.f.core.internal.command.DbMigrate      : Successfully applied 3 migrations to schema "PUBLIC", now at version v3 (execution time 00:00.230s)
2023-09-23T00:48:52.525+02:00  INFO 31736 --- [           main] o.hibernate.jpa.internal.util.LogHelper  : HHH000204: Processing PersistenceUnitInfo [name: default]
2023-09-23T00:48:52.629+02:00  INFO 31736 --- [           main] org.hibernate.Version                    : HHH000412: Hibernate ORM core version 6.1.6.Final
2023-09-23T00:48:53.038+02:00  WARN 31736 --- [           main] org.hibernate.orm.deprecation            : HHH90000021: Encountered deprecated setting [javax.persistence.sharedCache.mode], use [jakarta.persistence.sharedCache.mode] instead
2023-09-23T00:48:53.390+02:00  INFO 31736 --- [           main] SQL dialect                              : HHH000400: Using dialect: org.hibernate.dialect.H2Dialect
2023-09-23T00:48:55.372+02:00  INFO 31736 --- [           main] o.h.e.t.j.p.i.JtaPlatformInitiator       : HHH000490: Using JtaPlatform implementation: [org.hibernate.engine.transaction.jta.platform.internal.NoJtaPlatform]
2023-09-23T00:48:55.395+02:00  INFO 31736 --- [           main] j.LocalContainerEntityManagerFactoryBean : Initialized JPA EntityManagerFactory for persistence unit 'default'
2023-09-23T00:48:56.300+02:00  WARN 31736 --- [           main] JpaBaseConfiguration$JpaWebConfiguration : spring.jpa.open-in-view is enabled by default. Therefore, database queries may be performed during view rendering. Explicitly configure spring.jpa.open-in-view to disable this warning
2023-09-23T00:48:56.915+02:00  INFO 31736 --- [           main] o.s.b.a.w.s.WelcomePageHandlerMapping    : Adding welcome page: class path resource [static/index.html]
2023-09-23T00:48:58.215+02:00  INFO 31736 --- [           main] o.s.b.a.e.web.EndpointLinksResolver      : Exposing 1 endpoint(s) beneath base path '/actuator'
2023-09-23T00:48:58.441+02:00  INFO 31736 --- [           main] o.s.b.w.embedded.tomcat.TomcatWebServer  : Tomcat started on port(s): 5555 (http) with context path ''
2023-09-23T00:48:58.493+02:00  INFO 31736 --- [           main] com.octopus.Application                  : Started Application in 13.942 seconds (process running for 15.165)

  .   ____          _            __ _ _
 /\\ / ___'_ __ _ _(_)_ __  __ _ \ \ \ \
( ( )\___ | '_ | '_| | '_ \/ _` | \ \ \ \
 \\/  ___)| |_)| | | | | || (_| |  ) ) ) )
  '  |____| .__|_| |_|_| |_\__, | / / / /
 =========|_|==============|___/=/_/_/_/
 :: Spring Boot ::                (v3.0.2)

2023-09-23T00:49:11.557+02:00  INFO 31855 --- [           main] com.octopus.Application                  : Starting Application v0.1.9 using Java 17.0.5 with PID 31855 (/home/hozifa/RandomQuotes-Java/target/randomquotes.0.1.9.jar started by hozifa in /home/hozifa/RandomQuotes-Java)
2023-09-23T00:49:11.564+02:00  INFO 31855 --- [           main] com.octopus.Application                  : The following 1 profile is active: "Dev"
2023-09-23T00:49:13.929+02:00  INFO 31855 --- [           main] .s.d.r.c.RepositoryConfigurationDelegate : Bootstrapping Spring Data JPA repositories in DEFAULT mode.
2023-09-23T00:49:14.073+02:00  INFO 31855 --- [           main] .s.d.r.c.RepositoryConfigurationDelegate : Finished Spring Data repository scanning in 109 ms. Found 2 JPA repository interfaces.
2023-09-23T00:49:15.277+02:00  INFO 31855 --- [           main] o.s.b.w.embedded.tomcat.TomcatWebServer  : Tomcat initialized with port(s): 5555 (http)
2023-09-23T00:49:15.296+02:00  INFO 31855 --- [           main] o.apache.catalina.core.StandardService   : Starting service [Tomcat]
2023-09-23T00:49:15.297+02:00  INFO 31855 --- [           main] o.apache.catalina.core.StandardEngine    : Starting Servlet engine: [Apache Tomcat/10.1.5]
2023-09-23T00:49:15.441+02:00  INFO 31855 --- [           main] o.a.c.c.C.[Tomcat].[localhost].[/]       : Initializing Spring embedded WebApplicationContext
2023-09-23T00:49:15.445+02:00  INFO 31855 --- [           main] w.s.c.ServletWebServerApplicationContext : Root WebApplicationContext: initialization completed in 3756 ms
2023-09-23T00:49:15.688+02:00  INFO 31855 --- [           main] com.zaxxer.hikari.HikariDataSource       : HikariPool-1 - Starting...
2023-09-23T00:49:16.270+02:00  INFO 31855 --- [           main] com.zaxxer.hikari.pool.HikariPool        : HikariPool-1 - Added connection conn0: url=jdbc:h2:mem:testdb user=SA
2023-09-23T00:49:16.276+02:00  INFO 31855 --- [           main] com.zaxxer.hikari.HikariDataSource       : HikariPool-1 - Start completed.
2023-09-23T00:49:16.305+02:00  INFO 31855 --- [           main] o.s.b.a.h2.H2ConsoleAutoConfiguration    : H2 console available at '/h2-console'. Database available at 'jdbc:h2:mem:testdb'
2023-09-23T00:49:16.748+02:00  INFO 31855 --- [           main] o.f.c.internal.license.VersionPrinter    : Flyway Community Edition 9.5.1 by Redgate
2023-09-23T00:49:16.749+02:00  INFO 31855 --- [           main] o.f.c.internal.license.VersionPrinter    : See what's new here: https://flywaydb.org/documentation/learnmore/releaseNotes#9.5.1
2023-09-23T00:49:16.749+02:00  INFO 31855 --- [           main] o.f.c.internal.license.VersionPrinter    : 
2023-09-23T00:49:16.783+02:00  INFO 31855 --- [           main] o.f.c.i.database.base.BaseDatabaseType   : Database: jdbc:h2:mem:testdb (H2 2.1)
2023-09-23T00:49:17.096+02:00  INFO 31855 --- [           main] o.f.core.internal.command.DbValidate     : Successfully validated 3 migrations (execution time 00:00.040s)
2023-09-23T00:49:17.113+02:00  INFO 31855 --- [           main] o.f.c.i.s.JdbcTableSchemaHistory         : Creating Schema History table "PUBLIC"."flyway_schema_history" ...
2023-09-23T00:49:17.190+02:00  INFO 31855 --- [           main] o.f.core.internal.command.DbMigrate      : Current version of schema "PUBLIC": << Empty Schema >>
2023-09-23T00:49:17.220+02:00  INFO 31855 --- [           main] o.f.core.internal.command.DbMigrate      : Migrating schema "PUBLIC" to version "1 - Data Setup"
2023-09-23T00:49:17.311+02:00  INFO 31855 --- [           main] o.f.core.internal.command.DbMigrate      : Migrating schema "PUBLIC" to version "2 - Data Insert"
2023-09-23T00:49:17.356+02:00  INFO 31855 --- [           main] o.f.core.internal.command.DbMigrate      : Migrating schema "PUBLIC" to version "3 - Split Name"
2023-09-23T00:49:17.427+02:00  INFO 31855 --- [           main] o.f.core.internal.command.DbMigrate      : Successfully applied 3 migrations to schema "PUBLIC", now at version v3 (execution time 00:00.245s)
2023-09-23T00:49:17.619+02:00  INFO 31855 --- [           main] o.hibernate.jpa.internal.util.LogHelper  : HHH000204: Processing PersistenceUnitInfo [name: default]
2023-09-23T00:49:17.729+02:00  INFO 31855 --- [           main] org.hibernate.Version                    : HHH000412: Hibernate ORM core version 6.1.6.Final
2023-09-23T00:49:18.075+02:00  WARN 31855 --- [           main] org.hibernate.orm.deprecation            : HHH90000021: Encountered deprecated setting [javax.persistence.sharedCache.mode], use [jakarta.persistence.sharedCache.mode] instead
2023-09-23T00:49:18.385+02:00  INFO 31855 --- [           main] SQL dialect                              : HHH000400: Using dialect: org.hibernate.dialect.H2Dialect
2023-09-23T00:49:19.868+02:00  INFO 31855 --- [           main] o.h.e.t.j.p.i.JtaPlatformInitiator       : HHH000490: Using JtaPlatform implementation: [org.hibernate.engine.transaction.jta.platform.internal.NoJtaPlatform]
2023-09-23T00:49:19.885+02:00  INFO 31855 --- [           main] j.LocalContainerEntityManagerFactoryBean : Initialized JPA EntityManagerFactory for persistence unit 'default'
2023-09-23T00:49:20.550+02:00  WARN 31855 --- [           main] JpaBaseConfiguration$JpaWebConfiguration : spring.jpa.open-in-view is enabled by default. Therefore, database queries may be performed during view rendering. Explicitly configure spring.jpa.open-in-view to disable this warning
2023-09-23T00:49:20.921+02:00  INFO 31855 --- [           main] o.s.b.a.w.s.WelcomePageHandlerMapping    : Adding welcome page: class path resource [static/index.html]
2023-09-23T00:49:21.563+02:00  INFO 31855 --- [           main] o.s.b.a.e.web.EndpointLinksResolver      : Exposing 1 endpoint(s) beneath base path '/actuator'
2023-09-23T00:49:21.720+02:00  WARN 31855 --- [           main] ConfigServletWebServerApplicationContext : Exception encountered during context initialization - cancelling refresh attempt: org.springframework.context.ApplicationContextException: Failed to start bean 'webServerStartStop'
2023-09-23T00:49:21.725+02:00  INFO 31855 --- [           main] j.LocalContainerEntityManagerFactoryBean : Closing JPA EntityManagerFactory for persistence unit 'default'
2023-09-23T00:49:21.730+02:00  INFO 31855 --- [           main] com.zaxxer.hikari.HikariDataSource       : HikariPool-1 - Shutdown initiated...
2023-09-23T00:49:21.734+02:00  INFO 31855 --- [           main] com.zaxxer.hikari.HikariDataSource       : HikariPool-1 - Shutdown completed.
2023-09-23T00:49:21.738+02:00  INFO 31855 --- [           main] o.apache.catalina.core.StandardService   : Stopping service [Tomcat]
2023-09-23T00:49:21.797+02:00  INFO 31855 --- [           main] .s.b.a.l.ConditionEvaluationReportLogger : 

Error starting ApplicationContext. To display the condition evaluation report re-run your application with 'debug' enabled.
2023-09-23T00:49:21.824+02:00 ERROR 31855 --- [           main] o.s.b.d.LoggingFailureAnalysisReporter   : 

***************************
APPLICATION FAILED TO START
***************************

Description:

Web server failed to start. Port 5555 was already in use.

Action:

Identify and stop the process that's listening on port 5555 or configure this application to listen on another port.

2023-09-23T00:50:46.397+02:00  INFO 31736 --- [ionShutdownHook] j.LocalContainerEntityManagerFactoryBean : Closing JPA EntityManagerFactory for persistence unit 'default'
2023-09-23T00:50:46.404+02:00  INFO 31736 --- [ionShutdownHook] com.zaxxer.hikari.HikariDataSource       : HikariPool-1 - Shutdown initiated...
2023-09-23T00:50:46.416+02:00  INFO 31736 --- [ionShutdownHook] com.zaxxer.hikari.HikariDataSource       : HikariPool-1 - Shutdown completed.
